c:\users\student\desktop\crypt_\encryptproject\x64\debug\vc142.pdb
c:\users\student\desktop\crypt_\encryptproject\x64\debug\vc142.idb
c:\users\student\desktop\crypt_\encryptproject\x64\debug\main.obj
c:\users\student\desktop\crypt_\encryptproject\x64\debug\aes_encrypt.obj
c:\users\teacher\desktop\crypt_\encryptproject\x64\debug\encryptproject.pch
c:\users\teacher\desktop\crypt_\encryptproject\x64\debug\vc142.pdb
c:\users\teacher\desktop\crypt_\encryptproject\x64\debug\vc142.idb
c:\users\teacher\desktop\crypt_\encryptproject\x64\debug\stdafx.obj
c:\users\teacher\desktop\crypt_\encryptproject\x64\debug\main.obj
c:\users\teacher\desktop\crypt_\encryptproject\x64\debug\aes_encrypt.obj
c:\users\student\desktop\crypt_\encryptproject\x64\debug\encryptproject.ilk
c:\users\student\desktop\crypt_\encryptproject\x64\debug\encryptproject.exe
c:\users\student\desktop\crypt_\encryptproject\x64\debug\encryptproject.pdb
c:\users\teacher\desktop\crypt_\encryptproject\x64\debug\encryptproject.exe
c:\users\teacher\desktop\crypt_\encryptproject\x64\debug\encryptproject.ilk
c:\users\teacher\desktop\crypt_\encryptproject\x64\debug\encryptproject.pdb
c:\users\teacher\desktop\crypt_\encryptproject\x64\debug\encryptproject.tlog\cl.command.1.tlog
c:\users\teacher\desktop\crypt_\encryptproject\x64\debug\encryptproject.tlog\cl.read.1.tlog
c:\users\teacher\desktop\crypt_\encryptproject\x64\debug\encryptproject.tlog\cl.write.1.tlog
c:\users\teacher\desktop\crypt_\encryptproject\x64\debug\encryptproject.tlog\link.command.1.tlog
c:\users\teacher\desktop\crypt_\encryptproject\x64\debug\encryptproject.tlog\link.read.1.tlog
c:\users\teacher\desktop\crypt_\encryptproject\x64\debug\encryptproject.tlog\link.write.1.tlog
